<?xml version="1.0" encoding="UTF-8"?>
<!-- Generated by org.testng.reporters.JUnitReportReporter -->
<testsuite hostname="DESKTOP-OMLAF7D" failures="0" tests="5" name="com.inetbanking.testCases.TC_LoginDDT_002" time="47.949" errors="0" timestamp="30 Dec 2024 06:09:42 GMT" skipped="0">
  <testcase classname="com.inetbanking.testCases.TC_LoginDDT_002" name="loginDDT" time="8.976"/>
  <testcase classname="com.inetbanking.testCases.TC_LoginDDT_002" name="loginDDT" time="10.389"/>
  <testcase classname="com.inetbanking.testCases.TC_LoginDDT_002" name="loginDDT" time="9.020"/>
  <testcase classname="com.inetbanking.testCases.TC_LoginDDT_002" name="loginDDT" time="8.727"/>
  <testcase classname="com.inetbanking.testCases.TC_LoginDDT_002" name="loginDDT" time="10.837"/>
</testsuite> <!-- com.inetbanking.testCases.TC_LoginDDT_002 -->
