<?xml version="1.0" encoding="UTF-8"?>
<!-- Generated by org.testng.reporters.JUnitReportReporter -->
<testsuite hostname="DESKTOP-OMLAF7D" failures="0" tests="1" name="com.inetbanking.testCases.TC_LoginTest_001" time="1.256" errors="0" timestamp="24 Nov 2024 12:49:43 GMT" skipped="0">
  <testcase classname="com.inetbanking.testCases.TC_LoginTest_001" name="loginTest" time="1.256"/>
</testsuite> <!-- com.inetbanking.testCases.TC_LoginTest_001 -->
