<?xml version="1.0" encoding="UTF-8"?>
<!-- Generated by org.testng.reporters.JUnitReportReporter -->
<testsuite hostname="DESKTOP-OMLAF7D" failures="0" tests="1" name="com.inetbanking.testCases.TC_LoginTest_001" time="1.694" errors="0" timestamp="22 Jul 2025 18:05:33 GMT" skipped="0">
  <testcase classname="com.inetbanking.testCases.TC_LoginTest_001" name="loginTest" time="1.694"/>
</testsuite> <!-- com.inetbanking.testCases.TC_LoginTest_001 -->
