<?xml version="1.0" encoding="UTF-8"?>
<!-- Generated by org.testng.reporters.JUnitReportReporter -->
<testsuite hostname="MrBijayKumar" failures="0" tests="1" name="com.inetbanking.testCases.TC_LoginTest_001" time="1.713" errors="0" timestamp="10 Oct 2024 14:29:26 GMT" skipped="0">
  <testcase classname="com.inetbanking.testCases.TC_LoginTest_001" name="loginTest" time="1.713"/>
</testsuite> <!-- com.inetbanking.testCases.TC_LoginTest_001 -->
